<?xml version="1.0" encoding="UTF-8"?>
<!-- Generated by org.testng.reporters.JUnitXMLReporter -->
<testsuite ignored="26" hostname="DESKTOP-SSGRRV5" failures="1" tests="1" name="Chart request(failed)(failed)" time="39.771" errors="0" timestamp="2021-02-06T06:49:59 IST">
  <testcase classname="com.ChartRequest.TestCases.CreateRequestTestcases" name="WalkinRequestCustodian" time="30.396">
    <failure type="org.openqa.selenium.NoSuchElementException" message="no such element: Unable to locate element: {&amp;quot;method&amp;quot;:&amp;quot;xpath&amp;quot;,&amp;quot;selector&amp;quot;:&amp;quot;//input[@id=&amp;apos;walkin_requestor_form_name&amp;apos;]&amp;quot;}
  (Session info: chrome=88.0.4324.146)
For documentation on this error, please visit: https://www.seleniumhq.org/exceptions/no_such_element.html
Build info: version: &amp;apos;3.141.59&amp;apos;, revision: &amp;apos;e82be7d358&amp;apos;, time: &amp;apos;2018-11-14T08:17:03&amp;apos;
System info: host: &amp;apos;DESKTOP-SSGRRV5&amp;apos;, ip: &amp;apos;192.168.0.108&amp;apos;, os.name: &amp;apos;Windows 10&amp;apos;, os.arch: &amp;apos;amd64&amp;apos;, os.version: &amp;apos;10.0&amp;apos;, java.version: &amp;apos;15.0.2&amp;apos;
Driver info: org.openqa.selenium.chrome.ChromeDriver
Capabilities {acceptInsecureCerts: false, browserName: chrome, browserVersion: 88.0.4324.146, chrome: {chromedriverVersion: 88.0.4324.96 (68dba2d8a0b14..., userDataDir: C:\Users\ashutosh.tiwari\Ap...}, goog:chromeOptions: {debuggerAddress: localhost:63608}, javascriptEnabled: true, networkConnectionEnabled: false, pageLoadStrategy: normal, platform: WINDOWS, platformName: WINDOWS, proxy: Proxy(), setWindowRect: true, strictFileInteractability: false, timeouts: {implicit: 0, pageLoad: 300000, script: 30000}, unhandledPromptBehavior: dismiss and notify, webauthn:extension:largeBlob: true, webauthn:virtualAuthenticators: true}
Session ID: 324a6ed8267e6167610f835f5986065f
*** Element info: {Using=xpath, value=//input[@id=&amp;apos;walkin_requestor_form_name&amp;apos;]}">
      <![CDATA[org.openqa.selenium.NoSuchElementException: no such element: Unable to locate element: {"method":"xpath","selector":"//input[@id='walkin_requestor_form_name']"}
  (Session info: chrome=88.0.4324.146)
For documentation on this error, please visit: https://www.seleniumhq.org/exceptions/no_such_element.html
Build info: version: '3.141.59', revision: 'e82be7d358', time: '2018-11-14T08:17:03'
System info: host: 'DESKTOP-SSGRRV5', ip: '192.168.0.108', os.name: 'Windows 10', os.arch: 'amd64', os.version: '10.0', java.version: '15.0.2'
Driver info: org.openqa.selenium.chrome.ChromeDriver
Capabilities {acceptInsecureCerts: false, browserName: chrome, browserVersion: 88.0.4324.146, chrome: {chromedriverVersion: 88.0.4324.96 (68dba2d8a0b14..., userDataDir: C:\Users\ashutosh.tiwari\Ap...}, goog:chromeOptions: {debuggerAddress: localhost:63608}, javascriptEnabled: true, networkConnectionEnabled: false, pageLoadStrategy: normal, platform: WINDOWS, platformName: WINDOWS, proxy: Proxy(), setWindowRect: true, strictFileInteractability: false, timeouts: {implicit: 0, pageLoad: 300000, script: 30000}, unhandledPromptBehavior: dismiss and notify, webauthn:extension:largeBlob: true, webauthn:virtualAuthenticators: true}
Session ID: 324a6ed8267e6167610f835f5986065f
*** Element info: {Using=xpath, value=//input[@id='walkin_requestor_form_name']}
at org.openqa.selenium.remote.http.W3CHttpResponseCodec.createException(W3CHttpResponseCodec.java:187)
at org.openqa.selenium.remote.http.W3CHttpResponseCodec.decode(W3CHttpResponseCodec.java:122)
at org.openqa.selenium.remote.http.W3CHttpResponseCodec.decode(W3CHttpResponseCodec.java:49)
at org.openqa.selenium.remote.HttpCommandExecutor.execute(HttpCommandExecutor.java:158)
at org.openqa.selenium.remote.service.DriverCommandExecutor.execute(DriverCommandExecutor.java:83)
at org.openqa.selenium.remote.RemoteWebDriver.execute(RemoteWebDriver.java:552)
at org.openqa.selenium.remote.RemoteWebDriver.findElement(RemoteWebDriver.java:323)
at org.openqa.selenium.remote.RemoteWebDriver.findElementByXPath(RemoteWebDriver.java:428)
at org.openqa.selenium.By$ByXPath.findElement(By.java:353)
at org.openqa.selenium.remote.RemoteWebDriver.findElement(RemoteWebDriver.java:315)
at org.openqa.selenium.support.pagefactory.DefaultElementLocator.findElement(DefaultElementLocator.java:69)
at org.openqa.selenium.support.pagefactory.internal.LocatingElementHandler.invoke(LocatingElementHandler.java:38)
at com.sun.proxy.$Proxy12.sendKeys(Unknown Source)
at com.ChartRequest.Pages.CreateRequest.walkinRequest(CreateRequest.java:1360)
at com.ChartRequest.TestCases.CreateRequestTestcases.WalkinRequestCustodian(CreateRequestTestcases.java:254)
at java.base/java.util.ArrayList.forEach(ArrayList.java:1511)
... Removed 32 stack frames]]>
    </failure>
  </testcase> <!-- WalkinRequestCustodian -->
  <testcase classname="com.ChartRequest.TestCases.CreateRequestTestcases" name="WalkinRequestCustodianSPU" time="0.0">
    <ignored/>
  </testcase> <!-- WalkinRequestCustodianSPU -->
  <testcase classname="com.ChartRequest.TestCases.CreateRequestTestcases" name="chartProviderMessageRequestorToCustodian" time="0.0">
    <ignored/>
  </testcase> <!-- chartProviderMessageRequestorToCustodian -->
  <testcase classname="com.ChartRequest.TestCases.CreateRequestTestcases" name="creatingNewRequestFromCustodianAccount" time="0.0">
    <ignored/>
  </testcase> <!-- creatingNewRequestFromCustodianAccount -->
  <testcase classname="com.ChartRequest.TestCases.CreateRequestTestcases" name="createRequestCareCordinationWalkin" time="0.0">
    <ignored/>
  </testcase> <!-- createRequestCareCordinationWalkin -->
  <testcase classname="com.ChartRequest.TestCases.CreateRequestTestcases" name="processingOFrequestWalkin" time="0.0">
    <ignored/>
  </testcase> <!-- processingOFrequestWalkin -->
  <testcase classname="com.ChartRequest.TestCases.CreateRequestTestcases" name="creatingNewRequestFromPatientAccount" time="0.0">
    <ignored/>
  </testcase> <!-- creatingNewRequestFromPatientAccount -->
  <testcase classname="com.ChartRequest.TestCases.CreateRequestTestcases" name="requestAbandonedCustodian" time="0.0">
    <ignored/>
  </testcase> <!-- requestAbandonedCustodian -->
  <testcase classname="com.ChartRequest.TestCases.CreateRequestTestcases" name="creatingNewRequestFromEpatientAuth" time="0.0">
    <ignored/>
  </testcase> <!-- creatingNewRequestFromEpatientAuth -->
  <testcase classname="com.ChartRequest.TestCases.CreateRequestTestcases" name="chartProviderMessageCustodianToRequestor" time="0.0">
    <ignored/>
  </testcase> <!-- chartProviderMessageCustodianToRequestor -->
  <testcase classname="com.ChartRequest.TestCases.CreateRequestTestcases" name="processingRequestCareCordination" time="0.0">
    <ignored/>
  </testcase> <!-- processingRequestCareCordination -->
  <testcase classname="com.ChartRequest.TestCases.CreateRequestTestcases" name="verifyReferalStatus" time="0.0">
    <ignored/>
  </testcase> <!-- verifyReferalStatus -->
  <testcase classname="com.ChartRequest.TestCases.CreateRequestTestcases" name="requestAbandonedPatient" time="0.0">
    <ignored/>
  </testcase> <!-- requestAbandonedPatient -->
  <testcase classname="com.ChartRequest.TestCases.CreateRequestTestcases" name="creatingNewRequestFromRequestorAccount" time="0.0">
    <ignored/>
  </testcase> <!-- creatingNewRequestFromRequestorAccount -->
  <testcase classname="com.ChartRequest.TestCases.CreateRequestTestcases" name="saveToDraftWithOutDetailsRequestor" time="0.0">
    <ignored/>
  </testcase> <!-- saveToDraftWithOutDetailsRequestor -->
  <testcase classname="com.ChartRequest.TestCases.CreateRequestTestcases" name="lockingAndUnlockingRequest" time="0.0">
    <ignored/>
  </testcase> <!-- lockingAndUnlockingRequest -->
  <testcase classname="com.ChartRequest.TestCases.CreateRequestTestcases" name="saveToDraftWithOutDetailsPatient" time="0.0">
    <ignored/>
  </testcase> <!-- saveToDraftWithOutDetailsPatient -->
  <testcase classname="com.ChartRequest.TestCases.CreateRequestTestcases" name="reOpenAbandonRequest" time="0.0">
    <ignored/>
  </testcase> <!-- reOpenAbandonRequest -->
  <testcase classname="com.ChartRequest.TestCases.CreateRequestTestcases" name="bulkUploadCustodian" time="0.0">
    <ignored/>
  </testcase> <!-- bulkUploadCustodian -->
  <testcase classname="com.ChartRequest.TestCases.CreateRequestTestcases" name="incompleteRequestCustodian" time="0.0">
    <ignored/>
  </testcase> <!-- incompleteRequestCustodian -->
  <testcase classname="com.ChartRequest.TestCases.CreateRequestTestcases" name="saveToDraftWithOutDetailsCustodian" time="0.0">
    <ignored/>
  </testcase> <!-- saveToDraftWithOutDetailsCustodian -->
  <testcase classname="com.ChartRequest.TestCases.CreateRequestTestcases" name="createRequestCareCordination" time="0.0">
    <ignored/>
  </testcase> <!-- createRequestCareCordination -->
  <testcase classname="com.ChartRequest.TestCases.CreateRequestTestcases" name="bulkUploadPatient" time="0.0">
    <ignored/>
  </testcase> <!-- bulkUploadPatient -->
  <testcase classname="com.ChartRequest.TestCases.CreateRequestTestcases" name="bulkUploadRequestor" time="0.0">
    <ignored/>
  </testcase> <!-- bulkUploadRequestor -->
  <testcase classname="com.ChartRequest.TestCases.CreateRequestTestcases" name="processingOFrequestRequestor" time="0.0">
    <ignored/>
  </testcase> <!-- processingOFrequestRequestor -->
  <testcase classname="com.ChartRequest.TestCases.CreateRequestTestcases" name="requestAbandonedRequestor" time="0.0">
    <ignored/>
  </testcase> <!-- requestAbandonedRequestor -->
  <testcase classname="com.ChartRequest.TestCases.CreateRequestTestcases" name="processingOFrequest" time="0.0">
    <ignored/>
  </testcase> <!-- processingOFrequest -->
</testsuite> <!-- Chart request(failed)(failed) -->
